<?xml version="1.0" encoding="UTF-8"?>
<!-- Generated by org.testng.reporters.JUnitXMLReporter -->
<testsuite ignored="0" hostname="DESKTOP-3GP703F" failures="0" tests="4" name="Default test" time="0.04" errors="0" timestamp="2022-08-24T14:25:05 IST">
  <testcase classname="POMEx.Tutorial2" name="yak" time="0.006"/>
  <testcase classname="POMEx.Tutorial2" name="bat" time="0.001"/>
  <testcase classname="POMEx.Tutorial2" name="aaa" time="0.001"/>
  <testcase classname="POMEx.Tutorial2" name="cat" time="0.001"/>
</testsuite> <!-- Default test -->
